0 info it worked if it ends with ok
1 verbose cli [ '/Users/pablo.vega/.nvm/versions/node/v6.12.3/bin/node',
1 verbose cli   '/Users/pablo.vega/.nvm/versions/node/v6.12.3/bin/npm',
1 verbose cli   'run',
1 verbose cli   'lint' ]
2 info using npm@3.10.10
3 info using node@v6.12.3
4 verbose run-script [ 'prelint', 'lint', 'postlint' ]
5 info lifecycle @schibstedspain/openads@2.1.0~prelint: @schibstedspain/openads@2.1.0
6 silly lifecycle @schibstedspain/openads@2.1.0~prelint: no script for prelint, continuing
7 info lifecycle @schibstedspain/openads@2.1.0~lint: @schibstedspain/openads@2.1.0
8 verbose lifecycle @schibstedspain/openads@2.1.0~lint: unsafe-perm in lifecycle true
9 verbose lifecycle @schibstedspain/openads@2.1.0~lint: PATH: /Users/pablo.vega/.nvm/versions/node/v6.12.3/lib/node_modules/npm/bin/node-gyp-bin:/Users/pablo.vega/workspace/OpenAds/node_modules/.bin:/Users/pablo.vega/.nvm/versions/node/v6.12.3/bin:/usr/local/bin:/usr/bin:/bin:/usr/sbin:/sbin
10 verbose lifecycle @schibstedspain/openads@2.1.0~lint: CWD: /Users/pablo.vega/workspace/OpenAds
11 silly lifecycle @schibstedspain/openads@2.1.0~lint: Args: [ '-c', 'sui-lint js' ]
12 silly lifecycle @schibstedspain/openads@2.1.0~lint: Returned: code: 1  signal: null
13 info lifecycle @schibstedspain/openads@2.1.0~lint: Failed to exec lint script
14 verbose stack Error: @schibstedspain/openads@2.1.0 lint: `sui-lint js`
14 verbose stack Exit status 1
14 verbose stack     at EventEmitter.<anonymous> (/Users/pablo.vega/.nvm/versions/node/v6.12.3/lib/node_modules/npm/lib/utils/lifecycle.js:255:16)
14 verbose stack     at emitTwo (events.js:106:13)
14 verbose stack     at EventEmitter.emit (events.js:191:7)
14 verbose stack     at ChildProcess.<anonymous> (/Users/pablo.vega/.nvm/versions/node/v6.12.3/lib/node_modules/npm/lib/utils/spawn.js:40:14)
14 verbose stack     at emitTwo (events.js:106:13)
14 verbose stack     at ChildProcess.emit (events.js:191:7)
14 verbose stack     at maybeClose (internal/child_process.js:920:16)
14 verbose stack     at Process.ChildProcess._handle.onexit (internal/child_process.js:230:5)
15 verbose pkgid @schibstedspain/openads@2.1.0
16 verbose cwd /Users/pablo.vega/workspace/OpenAds
17 error Darwin 17.5.0
18 error argv "/Users/pablo.vega/.nvm/versions/node/v6.12.3/bin/node" "/Users/pablo.vega/.nvm/versions/node/v6.12.3/bin/npm" "run" "lint"
19 error node v6.12.3
20 error npm  v3.10.10
21 error code ELIFECYCLE
22 error @schibstedspain/openads@2.1.0 lint: `sui-lint js`
22 error Exit status 1
23 error Failed at the @schibstedspain/openads@2.1.0 lint script 'sui-lint js'.
23 error Make sure you have the latest version of node.js and npm installed.
23 error If you do, this is most likely a problem with the @schibstedspain/openads package,
23 error not with npm itself.
23 error Tell the author that this fails on your system:
23 error     sui-lint js
23 error You can get information on how to open an issue for this project with:
23 error     npm bugs @schibstedspain/openads
23 error Or if that isn't available, you can get their info via:
23 error     npm owner ls @schibstedspain/openads
23 error There is likely additional logging output above.
24 verbose exit [ 1, true ]
